<?xml version="1.0" encoding="UTF-8" ?>
<testsuite tests="6" failures="0" name="CucumberTest" time="0.07" errors="0" skipped="4">
  <properties>
[...]
</properties>
  <testcase classname="Scenario: Calcular cuanto me presta" name="Given El usuario ingresa a la plataforma" time="0.009"/>
  <testcase classname="Scenario: Calcular cuanto me presta" name="When Coloca el ingreso mensual 10000000" time="0.012">
    <skipped/>
  </testcase>
  <testcase classname="Scenario: Calcular cuanto me presta" name="And Selecciona un plazo en año de 20 años" time="0.012">
    <skipped/>
  </testcase>
  <testcase classname="Scenario: Calcular cuanto me presta" name="Then El banco puede darme un credito 315237169" time="0.012">
    <skipped/>
  </testcase>
  <testcase classname="Scenario: Calcular cuanto me presta" name="Scenario: Calcular cuanto me presta" time="0.012">
    <skipped/>
  </testcase>
  <testcase classname="Scenario: Calcular cuanto me presta" name="Scenario: Calcular cuanto me presta" time="0.013"/>
</testsuite>